{"/Users/annika/workspace/bootcamp/bcg-redux/client/actions/navigate.js": {"path":"/Users/annika/workspace/bootcamp/bcg-redux/client/actions/navigate.js","statementMap":{"0":{"start":{"line":1,"column":24},"end":{"line":6,"column":3}},"1":{"start":{"line":2,"column":4},"end":{"line":5,"column":5}}},"fnMap":{"0":{"name":"(anonymous_0)","decl":{"start":{"line":1,"column":24},"end":{"line":1,"column":25}},"loc":{"start":{"line":1,"column":41},"end":{"line":6,"column":3}},"line":1}},"branchMap":{},"s":{"0":1,"1":0},"f":{"0":0},"b":{},"_coverageSchema":"332fd63041d2c1bcb487cc26dd0d5f7d97098a6c","hash":"7ab72ec232d9ac83e7c6717e104e2bdd225da0a5"}
,"/Users/annika/workspace/bootcamp/bcg-redux/client/actions/score.js": {"path":"/Users/annika/workspace/bootcamp/bcg-redux/client/actions/score.js","statementMap":{"0":{"start":{"line":4,"column":36},"end":{"line":9,"column":1}},"1":{"start":{"line":5,"column":4},"end":{"line":8,"column":5}},"2":{"start":{"line":11,"column":30},"end":{"line":16,"column":1}},"3":{"start":{"line":12,"column":4},"end":{"line":15,"column":5}},"4":{"start":{"line":18,"column":31},"end":{"line":23,"column":1}},"5":{"start":{"line":19,"column":4},"end":{"line":22,"column":5}},"6":{"start":{"line":25,"column":36},"end":{"line":29,"column":1}},"7":{"start":{"line":26,"column":4},"end":{"line":28,"column":5}},"8":{"start":{"line":31,"column":21},"end":{"line":35,"column":1}},"9":{"start":{"line":32,"column":4},"end":{"line":34,"column":5}},"10":{"start":{"line":38,"column":26},"end":{"line":43,"column":1}},"11":{"start":{"line":39,"column":4},"end":{"line":42,"column":5}},"12":{"start":{"line":46,"column":30},"end":{"line":51,"column":1}},"13":{"start":{"line":47,"column":4},"end":{"line":50,"column":5}},"14":{"start":{"line":53,"column":25},"end":{"line":58,"column":1}},"15":{"start":{"line":54,"column":4},"end":{"line":57,"column":5}},"16":{"start":{"line":62,"column":4},"end":{"line":83,"column":5}},"17":{"start":{"line":63,"column":8},"end":{"line":82,"column":10}},"18":{"start":{"line":68,"column":24},"end":{"line":68,"column":34}},"19":{"start":{"line":69,"column":28},"end":{"line":71,"column":14}},"20":{"start":{"line":70,"column":16},"end":{"line":70,"column":40}},"21":{"start":{"line":72,"column":31},"end":{"line":72,"column":33}},"22":{"start":{"line":73,"column":12},"end":{"line":75,"column":13}},"23":{"start":{"line":74,"column":16},"end":{"line":74,"column":47}},"24":{"start":{"line":78,"column":12},"end":{"line":78,"column":56}},"25":{"start":{"line":81,"column":12},"end":{"line":81,"column":44}},"26":{"start":{"line":88,"column":4},"end":{"line":95,"column":16}},"27":{"start":{"line":89,"column":8},"end":{"line":95,"column":16}},"28":{"start":{"line":94,"column":16},"end":{"line":94,"column":48}}},"fnMap":{"0":{"name":"(anonymous_0)","decl":{"start":{"line":4,"column":36},"end":{"line":4,"column":37}},"loc":{"start":{"line":4,"column":54},"end":{"line":9,"column":1}},"line":4},"1":{"name":"(anonymous_1)","decl":{"start":{"line":11,"column":30},"end":{"line":11,"column":31}},"loc":{"start":{"line":11,"column":44},"end":{"line":16,"column":1}},"line":11},"2":{"name":"(anonymous_2)","decl":{"start":{"line":18,"column":31},"end":{"line":18,"column":32}},"loc":{"start":{"line":18,"column":47},"end":{"line":23,"column":1}},"line":18},"3":{"name":"(anonymous_3)","decl":{"start":{"line":25,"column":36},"end":{"line":25,"column":37}},"loc":{"start":{"line":25,"column":42},"end":{"line":29,"column":1}},"line":25},"4":{"name":"(anonymous_4)","decl":{"start":{"line":31,"column":21},"end":{"line":31,"column":22}},"loc":{"start":{"line":31,"column":27},"end":{"line":35,"column":1}},"line":31},"5":{"name":"(anonymous_5)","decl":{"start":{"line":38,"column":26},"end":{"line":38,"column":27}},"loc":{"start":{"line":38,"column":42},"end":{"line":43,"column":1}},"line":38},"6":{"name":"(anonymous_6)","decl":{"start":{"line":46,"column":30},"end":{"line":46,"column":31}},"loc":{"start":{"line":46,"column":46},"end":{"line":51,"column":1}},"line":46},"7":{"name":"(anonymous_7)","decl":{"start":{"line":53,"column":25},"end":{"line":53,"column":26}},"loc":{"start":{"line":53,"column":38},"end":{"line":58,"column":1}},"line":53},"8":{"name":"getScoresApi","decl":{"start":{"line":61,"column":16},"end":{"line":61,"column":28}},"loc":{"start":{"line":61,"column":40},"end":{"line":84,"column":3}},"line":61},"9":{"name":"(anonymous_9)","decl":{"start":{"line":62,"column":10},"end":{"line":62,"column":11}},"loc":{"start":{"line":62,"column":24},"end":{"line":83,"column":5}},"line":62},"10":{"name":"(anonymous_10)","decl":{"start":{"line":65,"column":14},"end":{"line":65,"column":15}},"loc":{"start":{"line":65,"column":23},"end":{"line":79,"column":9}},"line":65},"11":{"name":"(anonymous_11)","decl":{"start":{"line":69,"column":38},"end":{"line":69,"column":39}},"loc":{"start":{"line":69,"column":52},"end":{"line":71,"column":13}},"line":69},"12":{"name":"(anonymous_12)","decl":{"start":{"line":80,"column":15},"end":{"line":80,"column":16}},"loc":{"start":{"line":80,"column":22},"end":{"line":82,"column":9}},"line":80},"13":{"name":"addScoreApi","decl":{"start":{"line":86,"column":18},"end":{"line":86,"column":29}},"loc":{"start":{"line":86,"column":41},"end":{"line":96,"column":3}},"line":86},"14":{"name":"(anonymous_14)","decl":{"start":{"line":88,"column":11},"end":{"line":88,"column":12}},"loc":{"start":{"line":89,"column":8},"end":{"line":95,"column":16}},"line":89},"15":{"name":"(anonymous_15)","decl":{"start":{"line":93,"column":19},"end":{"line":93,"column":20}},"loc":{"start":{"line":93,"column":26},"end":{"line":95,"column":15}},"line":93}},"branchMap":{},"s":{"0":1,"1":0,"2":1,"3":0,"4":1,"5":0,"6":1,"7":0,"8":1,"9":0,"10":1,"11":0,"12":1,"13":0,"14":1,"15":0,"16":0,"17":0,"18":0,"19":0,"20":0,"21":0,"22":0,"23":0,"24":0,"25":0,"26":0,"27":0,"28":0},"f":{"0":0,"1":0,"2":0,"3":0,"4":0,"5":0,"6":0,"7":0,"8":0,"9":0,"10":0,"11":0,"12":0,"13":0,"14":0,"15":0},"b":{},"_coverageSchema":"332fd63041d2c1bcb487cc26dd0d5f7d97098a6c","hash":"698004a6496001b25d2344b799a800af1f08d816"}
,"/Users/annika/workspace/bootcamp/bcg-redux/client/components/AddScore.jsx": {"path":"/Users/annika/workspace/bootcamp/bcg-redux/client/components/AddScore.jsx","statementMap":{"0":{"start":{"line":10,"column":8},"end":{"line":10,"column":20}},"1":{"start":{"line":11,"column":8},"end":{"line":14,"column":9}},"2":{"start":{"line":15,"column":8},"end":{"line":15,"column":56}},"3":{"start":{"line":16,"column":8},"end":{"line":16,"column":48}},"4":{"start":{"line":20,"column":8},"end":{"line":22,"column":10}},"5":{"start":{"line":26,"column":8},"end":{"line":26,"column":26}},"6":{"start":{"line":27,"column":8},"end":{"line":27,"column":52}},"7":{"start":{"line":31,"column":8},"end":{"line":31,"column":36}},"8":{"start":{"line":32,"column":8},"end":{"line":32,"column":48}},"9":{"start":{"line":37,"column":8},"end":{"line":58,"column":16}},"10":{"start":{"line":63,"column":4},"end":{"line":65,"column":5}}},"fnMap":{"0":{"name":"(anonymous_0)","decl":{"start":{"line":9,"column":4},"end":{"line":9,"column":5}},"loc":{"start":{"line":9,"column":23},"end":{"line":17,"column":5}},"line":9},"1":{"name":"(anonymous_1)","decl":{"start":{"line":19,"column":4},"end":{"line":19,"column":5}},"loc":{"start":{"line":19,"column":21},"end":{"line":23,"column":5}},"line":19},"2":{"name":"(anonymous_2)","decl":{"start":{"line":25,"column":4},"end":{"line":25,"column":5}},"loc":{"start":{"line":25,"column":17},"end":{"line":28,"column":5}},"line":25},"3":{"name":"(anonymous_3)","decl":{"start":{"line":30,"column":4},"end":{"line":30,"column":5}},"loc":{"start":{"line":30,"column":16},"end":{"line":33,"column":5}},"line":30},"4":{"name":"(anonymous_4)","decl":{"start":{"line":36,"column":4},"end":{"line":36,"column":5}},"loc":{"start":{"line":36,"column":14},"end":{"line":59,"column":5}},"line":36},"5":{"name":"mapStateToProps","decl":{"start":{"line":62,"column":9},"end":{"line":62,"column":24}},"loc":{"start":{"line":62,"column":32},"end":{"line":66,"column":1}},"line":62}},"branchMap":{"0":{"loc":{"start":{"line":43,"column":13},"end":{"line":48,"column":18}},"type":"binary-expr","locations":[{"start":{"line":43,"column":13},"end":{"line":43,"column":40}},{"start":{"line":43,"column":44},"end":{"line":48,"column":18}}],"line":43},"1":{"loc":{"start":{"line":50,"column":13},"end":{"line":50,"column":72}},"type":"binary-expr","locations":[{"start":{"line":50,"column":13},"end":{"line":50,"column":41}},{"start":{"line":50,"column":45},"end":{"line":50,"column":72}}],"line":50},"2":{"loc":{"start":{"line":53,"column":13},"end":{"line":53,"column":100}},"type":"binary-expr","locations":[{"start":{"line":53,"column":13},"end":{"line":53,"column":50}},{"start":{"line":53,"column":54},"end":{"line":53,"column":100}}],"line":53}},"s":{"0":1,"1":1,"2":0,"3":0,"4":0,"5":0,"6":0,"7":0,"8":0,"9":0,"10":0},"f":{"0":1,"1":0,"2":0,"3":0,"4":0,"5":0},"b":{"0":[0,0],"1":[0,0],"2":[0,0]},"_coverageSchema":"332fd63041d2c1bcb487cc26dd0d5f7d97098a6c","hash":"ef8e0343f2e9be522b7f3b503599b946dd17ce24"}
,"/Users/annika/workspace/bootcamp/bcg-redux/client/components/Scoreboard.jsx": {"path":"/Users/annika/workspace/bootcamp/bcg-redux/client/components/Scoreboard.jsx","statementMap":{"0":{"start":{"line":5,"column":26},"end":{"line":27,"column":5}},"1":{"start":{"line":8,"column":8},"end":{"line":8,"column":38}},"2":{"start":{"line":11,"column":8},"end":{"line":26,"column":9}},"3":{"start":{"line":17,"column":20},"end":{"line":21,"column":21}},"4":{"start":{"line":30,"column":4},"end":{"line":32,"column":5}}},"fnMap":{"0":{"name":"(anonymous_0)","decl":{"start":{"line":5,"column":26},"end":{"line":5,"column":27}},"loc":{"start":{"line":5,"column":37},"end":{"line":27,"column":5}},"line":5},"1":{"name":"componentDidMount","decl":{"start":{"line":7,"column":13},"end":{"line":7,"column":30}},"loc":{"start":{"line":7,"column":32},"end":{"line":9,"column":5}},"line":7},"2":{"name":"(anonymous_2)","decl":{"start":{"line":16,"column":47},"end":{"line":16,"column":48}},"loc":{"start":{"line":16,"column":56},"end":{"line":22,"column":21}},"line":16},"3":{"name":"mapStateToProps","decl":{"start":{"line":29,"column":9},"end":{"line":29,"column":24}},"loc":{"start":{"line":29,"column":31},"end":{"line":33,"column":1}},"line":29}},"branchMap":{},"s":{"0":1,"1":0,"2":0,"3":0,"4":0},"f":{"0":0,"1":0,"2":0,"3":0},"b":{},"_coverageSchema":"332fd63041d2c1bcb487cc26dd0d5f7d97098a6c","hash":"bdf420539d84b6a6cd6522b6f16785029865bde9"}
,"/Users/annika/workspace/bootcamp/bcg-redux/tests/client/components/setup-dom.js": {"path":"/Users/annika/workspace/bootcamp/bcg-redux/tests/client/components/setup-dom.js","statementMap":{"0":{"start":{"line":1,"column":0},"end":{"line":1,"column":25}},"1":{"start":{"line":3,"column":18},"end":{"line":3,"column":34}},"2":{"start":{"line":5,"column":12},"end":{"line":5,"column":38}},"3":{"start":{"line":7,"column":0},"end":{"line":7,"column":26}},"4":{"start":{"line":8,"column":0},"end":{"line":8,"column":37}},"5":{"start":{"line":9,"column":0},"end":{"line":9,"column":39}}},"fnMap":{},"branchMap":{},"s":{"0":1,"1":1,"2":1,"3":1,"4":1,"5":1},"f":{},"b":{},"_coverageSchema":"332fd63041d2c1bcb487cc26dd0d5f7d97098a6c","hash":"e73e8f605cfe33fc6d45646aa32dd56c1178d104"}
}
