{"/Users/annika/workspace/bootcamp/bcg-redux/client/actions/navigate.js": {"path":"/Users/annika/workspace/bootcamp/bcg-redux/client/actions/navigate.js","statementMap":{"0":{"start":{"line":1,"column":24},"end":{"line":6,"column":3}},"1":{"start":{"line":2,"column":4},"end":{"line":5,"column":5}}},"fnMap":{"0":{"name":"(anonymous_0)","decl":{"start":{"line":1,"column":24},"end":{"line":1,"column":25}},"loc":{"start":{"line":1,"column":41},"end":{"line":6,"column":3}},"line":1}},"branchMap":{},"s":{"0":1,"1":0},"f":{"0":0},"b":{},"_coverageSchema":"332fd63041d2c1bcb487cc26dd0d5f7d97098a6c","hash":"7ab72ec232d9ac83e7c6717e104e2bdd225da0a5"}
,"/Users/annika/workspace/bootcamp/bcg-redux/client/components/Welcome.jsx": {"path":"/Users/annika/workspace/bootcamp/bcg-redux/client/components/Welcome.jsx","statementMap":{"0":{"start":{"line":10,"column":8},"end":{"line":10,"column":48}},"1":{"start":{"line":14,"column":8},"end":{"line":22,"column":9}}},"fnMap":{"0":{"name":"(anonymous_0)","decl":{"start":{"line":9,"column":4},"end":{"line":9,"column":5}},"loc":{"start":{"line":9,"column":21},"end":{"line":11,"column":5}},"line":9},"1":{"name":"(anonymous_1)","decl":{"start":{"line":13,"column":4},"end":{"line":13,"column":5}},"loc":{"start":{"line":13,"column":13},"end":{"line":23,"column":5}},"line":13}},"branchMap":{},"s":{"0":0,"1":1},"f":{"0":0,"1":1},"b":{},"_coverageSchema":"332fd63041d2c1bcb487cc26dd0d5f7d97098a6c","hash":"6c0769f05cae7d704c0f1d2e3e1656661924c9fe"}
,"/Users/annika/workspace/bootcamp/bcg-redux/tests/client/components/setup-dom.js": {"path":"/Users/annika/workspace/bootcamp/bcg-redux/tests/client/components/setup-dom.js","statementMap":{"0":{"start":{"line":1,"column":0},"end":{"line":1,"column":25}},"1":{"start":{"line":3,"column":18},"end":{"line":3,"column":34}},"2":{"start":{"line":5,"column":12},"end":{"line":5,"column":38}},"3":{"start":{"line":7,"column":0},"end":{"line":7,"column":26}},"4":{"start":{"line":8,"column":0},"end":{"line":8,"column":37}},"5":{"start":{"line":9,"column":0},"end":{"line":9,"column":39}}},"fnMap":{},"branchMap":{},"s":{"0":1,"1":1,"2":1,"3":1,"4":1,"5":1},"f":{},"b":{},"_coverageSchema":"332fd63041d2c1bcb487cc26dd0d5f7d97098a6c","hash":"e73e8f605cfe33fc6d45646aa32dd56c1178d104"}
}
