TN:
SF:/Users/annika/workspace/bootcamp/bcg-redux/client/actions/score.js
FN:4,(anonymous_0)
FN:11,(anonymous_1)
FN:18,(anonymous_2)
FN:25,(anonymous_3)
FN:31,(anonymous_4)
FN:38,(anonymous_5)
FN:46,(anonymous_6)
FN:53,(anonymous_7)
FN:61,getScoresApi
FN:62,(anonymous_9)
FN:65,(anonymous_10)
FN:69,(anonymous_11)
FN:80,(anonymous_12)
FN:86,addScoreApi
FN:88,(anonymous_14)
FN:93,(anonymous_15)
FNF:16
FNH:16
FNDA:3,(anonymous_0)
FNDA:3,(anonymous_1)
FNDA:1,(anonymous_2)
FNDA:1,(anonymous_3)
FNDA:1,(anonymous_4)
FNDA:1,(anonymous_5)
FNDA:1,(anonymous_6)
FNDA:3,(anonymous_7)
FNDA:3,getScoresApi
FNDA:3,(anonymous_9)
FNDA:2,(anonymous_10)
FNDA:2,(anonymous_11)
FNDA:1,(anonymous_12)
FNDA:2,addScoreApi
FNDA:2,(anonymous_14)
FNDA:1,(anonymous_15)
DA:4,1
DA:5,3
DA:11,1
DA:12,3
DA:18,1
DA:19,1
DA:25,1
DA:26,1
DA:31,1
DA:32,1
DA:38,1
DA:39,1
DA:46,1
DA:47,1
DA:53,1
DA:54,3
DA:62,3
DA:63,3
DA:68,2
DA:69,2
DA:70,2
DA:72,2
DA:73,2
DA:74,20
DA:78,2
DA:81,1
DA:88,2
DA:89,2
DA:94,1
LF:29
LH:29
BRF:0
BRH:0
end_of_record
