TN:
SF:/Users/annika/workspace/bootcamp/bcg-redux/knexfile.js
FNF:0
FNH:0
DA:3,1
LF:1
LH:1
BRF:0
BRH:0
end_of_record
TN:
SF:/Users/annika/workspace/bootcamp/bcg-redux/client/actions/navigate.js
FN:1,(anonymous_0)
FNF:1
FNH:1
FNDA:1,(anonymous_0)
DA:1,1
DA:2,1
LF:2
LH:2
BRF:0
BRH:0
end_of_record
TN:
SF:/Users/annika/workspace/bootcamp/bcg-redux/client/actions/questions.js
FN:3,receiveQuestions
FN:10,fetchQuestions
FN:11,(anonymous_2)
FN:14,(anonymous_3)
FN:17,(anonymous_4)
FN:23,increaseIndex
FN:30,showError
FNF:7
FNH:7
FNDA:2,receiveQuestions
FNDA:2,fetchQuestions
FNDA:2,(anonymous_2)
FNDA:1,(anonymous_3)
FNDA:1,(anonymous_4)
FNDA:1,increaseIndex
FNDA:2,showError
DA:4,2
DA:11,2
DA:12,2
DA:15,1
DA:18,1
DA:24,1
DA:31,2
LF:7
LH:7
BRF:0
BRH:0
end_of_record
TN:
SF:/Users/annika/workspace/bootcamp/bcg-redux/client/actions/score.js
FN:4,(anonymous_0)
FN:11,(anonymous_1)
FN:18,(anonymous_2)
FN:25,(anonymous_3)
FN:31,(anonymous_4)
FN:38,(anonymous_5)
FN:46,(anonymous_6)
FN:53,(anonymous_7)
FN:61,getScoresApi
FN:62,(anonymous_9)
FN:65,(anonymous_10)
FN:69,(anonymous_11)
FN:80,(anonymous_12)
FN:86,addScoreApi
FN:88,(anonymous_14)
FN:93,(anonymous_15)
FNF:16
FNH:16
FNDA:3,(anonymous_0)
FNDA:3,(anonymous_1)
FNDA:1,(anonymous_2)
FNDA:1,(anonymous_3)
FNDA:1,(anonymous_4)
FNDA:1,(anonymous_5)
FNDA:1,(anonymous_6)
FNDA:3,(anonymous_7)
FNDA:3,getScoresApi
FNDA:3,(anonymous_9)
FNDA:2,(anonymous_10)
FNDA:2,(anonymous_11)
FNDA:1,(anonymous_12)
FNDA:2,addScoreApi
FNDA:2,(anonymous_14)
FNDA:1,(anonymous_15)
DA:4,1
DA:5,3
DA:11,1
DA:12,3
DA:18,1
DA:19,1
DA:25,1
DA:26,1
DA:31,1
DA:32,1
DA:38,1
DA:39,1
DA:46,1
DA:47,1
DA:53,1
DA:54,3
DA:62,3
DA:63,3
DA:68,2
DA:69,2
DA:70,2
DA:72,2
DA:73,2
DA:74,20
DA:78,2
DA:81,1
DA:88,2
DA:89,2
DA:94,1
LF:29
LH:29
BRF:0
BRH:0
end_of_record
TN:
SF:/Users/annika/workspace/bootcamp/bcg-redux/client/components/Welcome.jsx
FN:8,(anonymous_0)
FN:17,(anonymous_1)
FNF:2
FNH:2
FNDA:3,(anonymous_0)
FNDA:2,(anonymous_1)
DA:8,2
DA:12,3
DA:17,2
LF:3
LH:3
BRF:0
BRH:0
end_of_record
TN:
SF:/Users/annika/workspace/bootcamp/bcg-redux/client/reducers/indexReducer.js
FN:1,(anonymous_0)
FNF:1
FNH:1
FNDA:3,(anonymous_0)
DA:1,1
DA:2,3
DA:4,1
DA:6,1
DA:8,1
LF:5
LH:5
BRDA:1,0,0,1
BRDA:2,1,0,1
BRDA:2,1,1,1
BRDA:2,1,2,1
BRF:4
BRH:4
end_of_record
TN:
SF:/Users/annika/workspace/bootcamp/bcg-redux/client/reducers/questions.js
FN:1,(anonymous_0)
FNF:1
FNH:1
FNDA:3,(anonymous_0)
DA:1,1
DA:2,3
DA:4,1
DA:6,1
DA:8,1
LF:5
LH:5
BRDA:1,0,0,2
BRDA:2,1,0,1
BRDA:2,1,1,1
BRDA:2,1,2,1
BRF:4
BRH:4
end_of_record
TN:
SF:/Users/annika/workspace/bootcamp/bcg-redux/client/reducers/score.js
FN:9,(anonymous_0)
FN:15,(anonymous_1)
FNF:2
FNH:2
FNDA:12,(anonymous_0)
FNDA:25,(anonymous_1)
DA:1,1
DA:9,1
DA:10,12
DA:12,1
DA:14,1
DA:15,1
DA:16,25
DA:18,1
DA:19,1
DA:21,1
DA:24,2
DA:26,2
DA:28,2
DA:30,1
DA:32,1
DA:34,1
LF:16
LH:16
BRDA:9,0,0,9
BRDA:10,1,0,1
BRDA:10,1,1,1
BRDA:10,1,2,1
BRDA:10,1,3,2
BRDA:10,1,4,2
BRDA:10,1,5,2
BRDA:10,1,6,1
BRDA:10,1,7,1
BRDA:10,1,8,1
BRF:10
BRH:10
end_of_record
TN:
SF:/Users/annika/workspace/bootcamp/bcg-redux/migrations/20180407134556_questions.js
FN:2,(anonymous_0)
FN:3,(anonymous_1)
FN:10,(anonymous_2)
FNF:3
FNH:2
FNDA:5,(anonymous_0)
FNDA:5,(anonymous_1)
FNDA:0,(anonymous_2)
DA:2,1
DA:3,5
DA:4,5
DA:5,5
DA:6,5
DA:10,1
DA:11,0
LF:7
LH:6
BRF:0
BRH:0
end_of_record
TN:
SF:/Users/annika/workspace/bootcamp/bcg-redux/migrations/20180407140026_answers.js
FN:1,(anonymous_0)
FN:2,(anonymous_1)
FN:10,(anonymous_2)
FNF:3
FNH:2
FNDA:5,(anonymous_0)
FNDA:5,(anonymous_1)
FNDA:0,(anonymous_2)
DA:1,1
DA:2,5
DA:3,5
DA:4,5
DA:5,5
DA:6,5
DA:10,1
DA:11,0
LF:8
LH:7
BRF:0
BRH:0
end_of_record
TN:
SF:/Users/annika/workspace/bootcamp/bcg-redux/migrations/20180421175958_scores.js
FN:1,(anonymous_0)
FN:2,(anonymous_1)
FN:10,(anonymous_2)
FNF:3
FNH:2
FNDA:5,(anonymous_0)
FNDA:5,(anonymous_1)
FNDA:0,(anonymous_2)
DA:1,1
DA:2,5
DA:3,5
DA:4,5
DA:5,5
DA:6,5
DA:10,1
DA:11,0
LF:8
LH:7
BRF:0
BRH:0
end_of_record
TN:
SF:/Users/annika/workspace/bootcamp/bcg-redux/seeds/answers.js
FN:2,(anonymous_0)
FN:5,(anonymous_1)
FNF:2
FNH:2
FNDA:5,(anonymous_0)
FNDA:5,(anonymous_1)
DA:2,1
DA:4,5
DA:7,5
LF:3
LH:3
BRF:0
BRH:0
end_of_record
TN:
SF:/Users/annika/workspace/bootcamp/bcg-redux/seeds/questions.js
FN:2,(anonymous_0)
FN:5,(anonymous_1)
FNF:2
FNH:2
FNDA:5,(anonymous_0)
FNDA:5,(anonymous_1)
DA:2,1
DA:4,5
DA:7,5
LF:3
LH:3
BRF:0
BRH:0
end_of_record
TN:
SF:/Users/annika/workspace/bootcamp/bcg-redux/seeds/scores.js
FN:2,(anonymous_0)
FN:5,(anonymous_1)
FNF:2
FNH:2
FNDA:5,(anonymous_0)
FNDA:5,(anonymous_1)
DA:2,1
DA:4,5
DA:7,5
LF:3
LH:3
BRF:0
BRH:0
end_of_record
TN:
SF:/Users/annika/workspace/bootcamp/bcg-redux/server/server.js
FNF:0
FNH:0
DA:1,1
DA:2,1
DA:3,1
DA:4,1
DA:6,1
DA:8,1
DA:9,1
DA:11,1
DA:13,1
LF:9
LH:9
BRF:0
BRH:0
end_of_record
TN:
SF:/Users/annika/workspace/bootcamp/bcg-redux/server/db/db.js
FN:13,getQuestionsAndAnswers
FN:21,getScores
FN:26,addScore
FNF:3
FNH:3
FNDA:2,getQuestionsAndAnswers
FNDA:2,getScores
FNDA:1,addScore
DA:1,1
DA:2,1
DA:3,1
DA:4,1
DA:6,1
DA:14,2
DA:15,2
DA:22,2
DA:23,2
DA:27,1
DA:28,1
LF:11
LH:11
BRDA:2,0,0,1
BRDA:2,0,1,0
BRDA:14,1,0,2
BRDA:14,1,1,0
BRDA:22,2,0,2
BRDA:22,2,1,0
BRDA:27,3,0,1
BRDA:27,3,1,0
BRF:8
BRH:4
end_of_record
TN:
SF:/Users/annika/workspace/bootcamp/bcg-redux/server/routes/routes.js
FN:10,(anonymous_0)
FN:12,(anonymous_1)
FN:33,(anonymous_2)
FN:38,(anonymous_3)
FN:40,(anonymous_4)
FN:43,(anonymous_5)
FN:48,(anonymous_6)
FN:55,(anonymous_7)
FN:56,(anonymous_8)
FNF:9
FNH:5
FNDA:1,(anonymous_0)
FNDA:1,(anonymous_1)
FNDA:0,(anonymous_2)
FNDA:1,(anonymous_3)
FNDA:1,(anonymous_4)
FNDA:0,(anonymous_5)
FNDA:1,(anonymous_6)
FNDA:0,(anonymous_7)
FNDA:0,(anonymous_8)
DA:1,1
DA:2,1
DA:3,1
DA:4,1
DA:5,1
DA:8,1
DA:10,1
DA:11,1
DA:13,1
DA:14,1
DA:15,1
DA:16,1
DA:17,1
DA:29,1
DA:31,1
DA:34,0
DA:38,1
DA:39,1
DA:41,1
DA:44,0
DA:48,1
DA:49,1
DA:51,1
DA:55,0
DA:57,0
DA:61,1
LF:26
LH:22
BRF:0
BRH:0
end_of_record
TN:
SF:/Users/annika/workspace/bootcamp/bcg-redux/tests/client/components/setup-dom.js
FNF:0
FNH:0
DA:1,2
DA:3,2
DA:5,2
DA:7,2
DA:8,2
DA:9,2
LF:6
LH:6
BRF:0
BRH:0
end_of_record
TN:
SF:/Users/annika/workspace/bootcamp/bcg-redux/tests/server/test-environment.js
FN:6,(anonymous_0)
FN:9,(anonymous_1)
FN:11,(anonymous_2)
FN:17,(anonymous_3)
FNF:4
FNH:4
FNDA:5,(anonymous_0)
FNDA:5,(anonymous_1)
FNDA:5,(anonymous_2)
FNDA:5,(anonymous_3)
DA:1,1
DA:2,1
DA:4,1
DA:6,5
DA:10,5
DA:12,5
DA:18,5
LF:7
LH:7
BRF:0
BRH:0
end_of_record
